# JRE version: OpenJDK Runtime Environment (21.0.6) (build 21.0.6+-13391695-b895.109)
# Java VM: OpenJDK 64-Bit Server VM (21.0.6+-13391695-b895.109, mixed mode, tiered, compressed oops, compressed class ptrs, g1 gc, windows-amd64)
GC Precious Log:
 CardTable entry size: 512
 Card Set container configuration: InlinePtr #cards 4 size 8 Array Of Cards #cards 32 size 80 Howl #buckets 8 coarsen threshold 7372 Howl Bitmap #cards 1024 size 144 coarsen threshold 921 Card regions per heap region 1 cards per card region 8192
 CPUs: 4 total, 4 available
 Memory: 8116M
 Large Page Support: Disabled
 NUMA Support: Disabled
 Compressed Oops: Enabled (Zero based)
 Heap Region Size: 4M
 Heap Min Capacity: 8M
 Heap Initial Capacity: 128M
 Heap Max Capacity: 8G
 Pre-touch: Disabled
 Parallel Workers: 4
 Concurrent Workers: 1
 Concurrent Refinement Workers: 4
 Periodic GC: Disabled
Heap:
 garbage-first heap   total 1466368K, used 439949K [0x0000000600000000, 0x0000000800000000)
  region size 4096K, 1 young (4096K), 1 survivors (4096K)
 Metaspace       used 211947K, committed 215104K, reserved 1245184K
  class space    used 26975K, committed 28544K, reserved 1048576K
GC Heap History (20 events):
Event: 1484.254 GC heap after
{Heap after GC invocations=132 (full 0):
 garbage-first heap   total 1089536K, used 481832K [0x0000000600000000, 0x0000000800000000)
  region size 4096K, 4 young (16384K), 4 survivors (16384K)
 Metaspace       used 210266K, committed 213312K, reserved 1245184K
  class space    used 26855K, committed 28352K, reserved 1048576K
}
Event: 1911.789 GC heap before
{Heap before GC invocations=132 (full 0):
 garbage-first heap   total 1089536K, used 973352K [0x0000000600000000, 0x0000000800000000)
  region size 4096K, 124 young (507904K), 4 survivors (16384K)
 Metaspace       used 210802K, committed 213888K, reserved 1245184K
  class space    used 26872K, committed 28416K, reserved 1048576K
}
Event: 1912.006 GC heap after
{Heap after GC invocations=133 (full 0):
 garbage-first heap   total 1089536K, used 469436K [0x0000000600000000, 0x0000000800000000)
  region size 4096K, 4 young (16384K), 4 survivors (16384K)
 Metaspace       used 210802K, committed 213888K, reserved 1245184K
  class space    used 26872K, committed 28416K, reserved 1048576K
}
Event: 1924.440 GC heap before
{Heap before GC invocations=133 (full 0):
 garbage-first heap   total 1089536K, used 731580K [0x0000000600000000, 0x0000000800000000)
  region size 4096K, 69 young (282624K), 4 survivors (16384K)
 Metaspace       used 211384K, committed 214528K, reserved 1245184K
  class space    used 26924K, committed 28480K, reserved 1048576K
}
Event: 1924.495 GC heap after
{Heap after GC invocations=134 (full 0):
 garbage-first heap   total 1089536K, used 493178K [0x0000000600000000, 0x0000000800000000)
  region size 4096K, 9 young (36864K), 9 survivors (36864K)
 Metaspace       used 211384K, committed 214528K, reserved 1245184K
  class space    used 26924K, committed 28480K, reserved 1048576K
}
Event: 1925.196 GC heap before
{Heap before GC invocations=134 (full 0):
 garbage-first heap   total 1089536K, used 616058K [0x0000000600000000, 0x0000000800000000)
  region size 4096K, 41 young (167936K), 9 survivors (36864K)
 Metaspace       used 211390K, committed 214528K, reserved 1245184K
  class space    used 26924K, committed 28480K, reserved 1048576K
}
Event: 1925.322 GC heap after
{Heap after GC invocations=135 (full 0):
 garbage-first heap   total 1089536K, used 503011K [0x0000000600000000, 0x0000000800000000)
  region size 4096K, 3 young (12288K), 3 survivors (12288K)
 Metaspace       used 211390K, committed 214528K, reserved 1245184K
  class space    used 26924K, committed 28480K, reserved 1048576K
}
Event: 1929.646 GC heap before
{Heap before GC invocations=136 (full 0):
 garbage-first heap   total 1089536K, used 847075K [0x0000000600000000, 0x0000000800000000)
  region size 4096K, 94 young (385024K), 3 survivors (12288K)
 Metaspace       used 211600K, committed 214656K, reserved 1245184K
  class space    used 26950K, committed 28480K, reserved 1048576K
}
Event: 1929.700 GC heap after
{Heap after GC invocations=137 (full 0):
 garbage-first heap   total 1089536K, used 498624K [0x0000000600000000, 0x0000000800000000)
  region size 4096K, 8 young (32768K), 8 survivors (32768K)
 Metaspace       used 211600K, committed 214656K, reserved 1245184K
  class space    used 26950K, committed 28480K, reserved 1048576K
}
Event: 1932.677 GC heap before
{Heap before GC invocations=137 (full 0):
 garbage-first heap   total 1089536K, used 748480K [0x0000000600000000, 0x0000000800000000)
  region size 4096K, 70 young (286720K), 8 survivors (32768K)
 Metaspace       used 211906K, committed 215040K, reserved 1245184K
  class space    used 26971K, committed 28544K, reserved 1048576K
}
Event: 1932.776 GC heap after
{Heap after GC invocations=138 (full 0):
 garbage-first heap   total 1466368K, used 489353K [0x0000000600000000, 0x0000000800000000)
  region size 4096K, 2 young (8192K), 2 survivors (8192K)
 Metaspace       used 211906K, committed 215040K, reserved 1245184K
  class space    used 26971K, committed 28544K, reserved 1048576K
}
Event: 1936.636 GC heap before
{Heap before GC invocations=138 (full 0):
 garbage-first heap   total 1466368K, used 911241K [0x0000000600000000, 0x0000000800000000)
  region size 4096K, 105 young (430080K), 2 survivors (8192K)
 Metaspace       used 211928K, committed 215104K, reserved 1245184K
  class space    used 26973K, committed 28544K, reserved 1048576K
}
Event: 1936.691 GC heap after
{Heap after GC invocations=139 (full 0):
 garbage-first heap   total 1466368K, used 484082K [0x0000000600000000, 0x0000000800000000)
  region size 4096K, 3 young (12288K), 3 survivors (12288K)
 Metaspace       used 211928K, committed 215104K, reserved 1245184K
  class space    used 26973K, committed 28544K, reserved 1048576K
}
Event: 1938.961 GC heap before
{Heap before GC invocations=139 (full 0):
 garbage-first heap   total 1466368K, used 865010K [0x0000000600000000, 0x0000000800000000)
  region size 4096K, 96 young (393216K), 3 survivors (12288K)
 Metaspace       used 211929K, committed 215104K, reserved 1245184K
  class space    used 26974K, committed 28544K, reserved 1048576K
}
Event: 1939.508 GC heap after
{Heap after GC invocations=140 (full 0):
 garbage-first heap   total 1466368K, used 472487K [0x0000000600000000, 0x0000000800000000)
  region size 4096K, 3 young (12288K), 3 survivors (12288K)
 Metaspace       used 211929K, committed 215104K, reserved 1245184K
  class space    used 26974K, committed 28544K, reserved 1048576K
}
Event: 1940.644 GC heap before
{Heap before GC invocations=140 (full 0):
 garbage-first heap   total 1466368K, used 529831K [0x0000000600000000, 0x0000000800000000)
  region size 4096K, 17 young (69632K), 3 survivors (12288K)
 Metaspace       used 211930K, committed 215104K, reserved 1245184K
  class space    used 26974K, committed 28544K, reserved 1048576K
}
Event: 1941.493 GC heap after
{Heap after GC invocations=141 (full 0):
 garbage-first heap   total 1466368K, used 459155K [0x0000000600000000, 0x0000000800000000)
  region size 4096K, 1 young (4096K), 1 survivors (4096K)
 Metaspace       used 211930K, committed 215104K, reserved 1245184K
  class space    used 26974K, committed 28544K, reserved 1048576K
}
Event: 1942.645 GC heap before
{Heap before GC invocations=141 (full 0):
 garbage-first heap   total 1466368K, used 520595K [0x0000000600000000, 0x0000000800000000)
  region size 4096K, 17 young (69632K), 1 survivors (4096K)
 Metaspace       used 211930K, committed 215104K, reserved 1245184K
  class space    used 26974K, committed 28544K, reserved 1048576K
}
Event: 1942.964 GC heap after
{Heap after GC invocations=142 (full 0):
 garbage-first heap   total 1466368K, used 446800K [0x0000000600000000, 0x0000000800000000)
  region size 4096K, 1 young (4096K), 1 survivors (4096K)
 Metaspace       used 211930K, committed 215104K, reserved 1245184K
  class space    used 26974K, committed 28544K, reserved 1048576K
}
Event: 1943.657 GC heap before
{Heap before GC invocations=142 (full 0):
 garbage-first heap   total 1466368K, used 512336K [0x0000000600000000, 0x0000000800000000)
  region size 4096K, 17 young (69632K), 1 survivors (4096K)
 Metaspace       used 211947K, committed 215104K, reserved 1245184K
  class space    used 26975K, committed 28544K, reserved 1048576K
}

